<?xml version='1.0' encoding='UTF-8'?>
<testsuite hostname="DESKTOP-1IONT0J" name="FuzzyLogicTest" tests="6" errors="0" failures="0" skipped="0" time="0.054" timestamp="2024-09-17T13:14:07">
          <properties>
[...]
</properties>
          <testcase classname="FuzzyLogicTest" name="A fuzzy set should perform union correctly" time="0.038">
                      
                    </testcase><testcase classname="FuzzyLogicTest" name="A fuzzy set should perform intersection correctly" time="0.002">
                      
                    </testcase><testcase classname="FuzzyLogicTest" name="A fuzzy set should perform complement correctly 1" time="0.008">
                      
                    </testcase><testcase classname="FuzzyLogicTest" name="A fuzzy set should perform complement correctly 2" time="0.002">
                      
                    </testcase><testcase classname="FuzzyLogicTest" name="A fuzzy set should perform addition correctly" time="0.002">
                      
                    </testcase><testcase classname="FuzzyLogicTest" name="A fuzzy set should perform multiplication correctly" time="0.002">
                      
                    </testcase>
          <system-out><![CDATA[]]></system-out>
          <system-err><![CDATA[]]></system-err>
        </testsuite>